<?xml version="1.0" encoding="UTF-8"?>
<testsuite name="CalculatorTest" tests="1" skipped="0" failures="0" errors="0" timestamp="2024-08-03T11:57:08" hostname="DESKTOP-LLFVC4O" time="0.073">
  <properties/>
  <testcase name="plus()" classname="CalculatorTest" time="0.073"/>
  <system-out><![CDATA[]]></system-out>
  <system-err><![CDATA[]]></system-err>
</testsuite>
